{"/Users/xuenjie/questions/server.js": {"path":"/Users/xuenjie/questions/server.js","statementMap":{"0":{"start":{"line":1,"column":0},"end":{"line":1,"column":26}},"1":{"start":{"line":2,"column":16},"end":{"line":2,"column":34}},"2":{"start":{"line":3,"column":13},"end":{"line":3,"column":43}},"3":{"start":{"line":5,"column":12},"end":{"line":5,"column":21}},"4":{"start":{"line":7,"column":39},"end":{"line":7,"column":43}},"5":{"start":{"line":11,"column":0},"end":{"line":11,"column":23}},"6":{"start":{"line":13,"column":0},"end":{"line":13,"column":38}},"7":{"start":{"line":15,"column":0},"end":{"line":17,"column":1}},"8":{"start":{"line":16,"column":2},"end":{"line":16,"column":9}},"9":{"start":{"line":19,"column":0},"end":{"line":23,"column":1}},"10":{"start":{"line":20,"column":2},"end":{"line":22,"column":4}},"11":{"start":{"line":21,"column":4},"end":{"line":21,"column":39}},"12":{"start":{"line":25,"column":0},"end":{"line":25,"column":21}}},"fnMap":{"0":{"name":"(anonymous_0)","decl":{"start":{"line":20,"column":19},"end":{"line":20,"column":20}},"loc":{"start":{"line":20,"column":25},"end":{"line":22,"column":3}},"line":20}},"branchMap":{"0":{"loc":{"start":{"line":15,"column":0},"end":{"line":17,"column":1}},"type":"if","locations":[{"start":{"line":15,"column":0},"end":{"line":17,"column":1}},{"start":{},"end":{}}],"line":15},"1":{"loc":{"start":{"line":19,"column":0},"end":{"line":23,"column":1}},"type":"if","locations":[{"start":{"line":19,"column":0},"end":{"line":23,"column":1}},{"start":{},"end":{}}],"line":19}},"s":{"0":1,"1":1,"2":1,"3":1,"4":1,"5":1,"6":1,"7":1,"8":0,"9":1,"10":0,"11":0,"12":1},"f":{"0":0},"b":{"0":[0,1],"1":[0,1]},"_coverageSchema":"1a1c01bbd47fc00a2c39e90264f33305004495a9","hash":"625d5f900a261cb9b6f473f9c8027da25840bb2a"}
,"/Users/xuenjie/questions/database/controllers.js": {"path":"/Users/xuenjie/questions/database/controllers.js","statementMap":{"0":{"start":{"line":1,"column":14},"end":{"line":1,"column":35}},"1":{"start":{"line":3,"column":0},"end":{"line":53,"column":1}},"2":{"start":{"line":5,"column":38},"end":{"line":5,"column":47}},"3":{"start":{"line":6,"column":4},"end":{"line":28,"column":5}},"4":{"start":{"line":7,"column":22},"end":{"line":7,"column":72}},"5":{"start":{"line":8,"column":22},"end":{"line":8,"column":34}},"6":{"start":{"line":9,"column":6},"end":{"line":20,"column":7}},"7":{"start":{"line":9,"column":18},"end":{"line":9,"column":19}},"8":{"start":{"line":10,"column":24},"end":{"line":10,"column":73}},"9":{"start":{"line":11,"column":22},"end":{"line":11,"column":34}},"10":{"start":{"line":12,"column":25},"end":{"line":12,"column":27}},"11":{"start":{"line":13,"column":8},"end":{"line":18,"column":9}},"12":{"start":{"line":13,"column":20},"end":{"line":13,"column":21}},"13":{"start":{"line":14,"column":26},"end":{"line":14,"column":70}},"14":{"start":{"line":15,"column":23},"end":{"line":15,"column":35}},"15":{"start":{"line":16,"column":10},"end":{"line":16,"column":37}},"16":{"start":{"line":17,"column":10},"end":{"line":17,"column":56}},"17":{"start":{"line":19,"column":8},"end":{"line":19,"column":42}},"18":{"start":{"line":21,"column":19},"end":{"line":24,"column":7}},"19":{"start":{"line":25,"column":6},"end":{"line":25,"column":20}},"20":{"start":{"line":27,"column":6},"end":{"line":27,"column":17}},"21":{"start":{"line":32,"column":26},"end":{"line":32,"column":36}},"22":{"start":{"line":33,"column":26},"end":{"line":33,"column":35}},"23":{"start":{"line":34,"column":4},"end":{"line":51,"column":5}},"24":{"start":{"line":35,"column":22},"end":{"line":35,"column":58}},"25":{"start":{"line":36,"column":20},"end":{"line":36,"column":32}},"26":{"start":{"line":37,"column":6},"end":{"line":41,"column":7}},"27":{"start":{"line":37,"column":19},"end":{"line":37,"column":20}},"28":{"start":{"line":38,"column":24},"end":{"line":38,"column":68}},"29":{"start":{"line":39,"column":21},"end":{"line":39,"column":33}},"30":{"start":{"line":40,"column":8},"end":{"line":40,"column":35}},"31":{"start":{"line":42,"column":19},"end":{"line":47,"column":7}},"32":{"start":{"line":48,"column":6},"end":{"line":48,"column":20}},"33":{"start":{"line":50,"column":6},"end":{"line":50,"column":17}}},"fnMap":{"0":{"name":"(anonymous_0)","decl":{"start":{"line":4,"column":16},"end":{"line":4,"column":17}},"loc":{"start":{"line":4,"column":31},"end":{"line":29,"column":3}},"line":4},"1":{"name":"(anonymous_1)","decl":{"start":{"line":31,"column":14},"end":{"line":31,"column":15}},"loc":{"start":{"line":31,"column":29},"end":{"line":52,"column":3}},"line":31}},"branchMap":{"0":{"loc":{"start":{"line":44,"column":14},"end":{"line":44,"column":28}},"type":"cond-expr","locations":[{"start":{"line":44,"column":21},"end":{"line":44,"column":25}},{"start":{"line":44,"column":27},"end":{"line":44,"column":28}}],"line":44},"1":{"loc":{"start":{"line":45,"column":15},"end":{"line":45,"column":31}},"type":"cond-expr","locations":[{"start":{"line":45,"column":23},"end":{"line":45,"column":28}},{"start":{"line":45,"column":30},"end":{"line":45,"column":31}}],"line":45}},"s":{"0":1,"1":1,"2":1,"3":1,"4":1,"5":0,"6":0,"7":0,"8":0,"9":0,"10":0,"11":0,"12":0,"13":0,"14":0,"15":0,"16":0,"17":0,"18":0,"19":0,"20":1,"21":0,"22":0,"23":0,"24":0,"25":0,"26":0,"27":0,"28":0,"29":0,"30":0,"31":0,"32":0,"33":0},"f":{"0":1,"1":0},"b":{"0":[0,0],"1":[0,0]},"_coverageSchema":"1a1c01bbd47fc00a2c39e90264f33305004495a9","hash":"5462eec05d509a7ec886343e4aa412f2b86c07c3"}
,"/Users/xuenjie/questions/database/index.js": {"path":"/Users/xuenjie/questions/database/index.js","statementMap":{"0":{"start":{"line":1,"column":17},"end":{"line":1,"column":30}},"1":{"start":{"line":3,"column":0},"end":{"line":61,"column":1}},"2":{"start":{"line":4,"column":17},"end":{"line":10,"column":4}},"3":{"start":{"line":12,"column":2},"end":{"line":14,"column":33}},"4":{"start":{"line":13,"column":14},"end":{"line":13,"column":44}},"5":{"start":{"line":14,"column":16},"end":{"line":14,"column":32}},"6":{"start":{"line":17,"column":2},"end":{"line":17,"column":62}},"7":{"start":{"line":18,"column":2},"end":{"line":27,"column":6}},"8":{"start":{"line":30,"column":2},"end":{"line":30,"column":60}},"9":{"start":{"line":31,"column":2},"end":{"line":42,"column":6}},"10":{"start":{"line":45,"column":2},"end":{"line":45,"column":59}},"11":{"start":{"line":46,"column":2},"end":{"line":50,"column":6}},"12":{"start":{"line":52,"column":17},"end":{"line":56,"column":4}},"13":{"start":{"line":58,"column":2},"end":{"line":58,"column":40}},"14":{"start":{"line":60,"column":2},"end":{"line":60,"column":21}}},"fnMap":{"0":{"name":"init","decl":{"start":{"line":3,"column":32},"end":{"line":3,"column":36}},"loc":{"start":{"line":3,"column":40},"end":{"line":61,"column":1}},"line":3},"1":{"name":"(anonymous_1)","decl":{"start":{"line":13,"column":8},"end":{"line":13,"column":9}},"loc":{"start":{"line":13,"column":14},"end":{"line":13,"column":44}},"line":13},"2":{"name":"(anonymous_2)","decl":{"start":{"line":14,"column":9},"end":{"line":14,"column":10}},"loc":{"start":{"line":14,"column":16},"end":{"line":14,"column":32}},"line":14}},"branchMap":{},"s":{"0":1,"1":1,"2":0,"3":0,"4":0,"5":0,"6":0,"7":0,"8":0,"9":0,"10":0,"11":0,"12":0,"13":0,"14":0},"f":{"0":0,"1":0,"2":0},"b":{},"_coverageSchema":"1a1c01bbd47fc00a2c39e90264f33305004495a9","hash":"910812262acb697d550a8e91718a7f07f2a97dc8"}
,"/Users/xuenjie/questions/database/model.js": {"path":"/Users/xuenjie/questions/database/model.js","statementMap":{"0":{"start":{"line":1,"column":15},"end":{"line":1,"column":28}},"1":{"start":{"line":3,"column":13},"end":{"line":9,"column":2}},"2":{"start":{"line":11,"column":0},"end":{"line":71,"column":1}},"3":{"start":{"line":13,"column":19},"end":{"line":13,"column":39}},"4":{"start":{"line":24,"column":4},"end":{"line":28,"column":5}},"5":{"start":{"line":25,"column":6},"end":{"line":25,"column":19}},"6":{"start":{"line":27,"column":6},"end":{"line":27,"column":52}},"7":{"start":{"line":29,"column":18},"end":{"line":29,"column":235}},"8":{"start":{"line":30,"column":19},"end":{"line":30,"column":44}},"9":{"start":{"line":31,"column":4},"end":{"line":31,"column":21}},"10":{"start":{"line":32,"column":4},"end":{"line":32,"column":18}},"11":{"start":{"line":36,"column":19},"end":{"line":36,"column":39}},"12":{"start":{"line":37,"column":4},"end":{"line":41,"column":5}},"13":{"start":{"line":38,"column":6},"end":{"line":38,"column":19}},"14":{"start":{"line":40,"column":6},"end":{"line":40,"column":52}},"15":{"start":{"line":42,"column":18},"end":{"line":42,"column":191}},"16":{"start":{"line":43,"column":19},"end":{"line":43,"column":44}},"17":{"start":{"line":44,"column":4},"end":{"line":44,"column":21}},"18":{"start":{"line":45,"column":4},"end":{"line":45,"column":18}},"19":{"start":{"line":49,"column":19},"end":{"line":49,"column":39}},"20":{"start":{"line":50,"column":18},"end":{"line":50,"column":77}},"21":{"start":{"line":51,"column":19},"end":{"line":51,"column":44}},"22":{"start":{"line":52,"column":4},"end":{"line":52,"column":21}},"23":{"start":{"line":53,"column":4},"end":{"line":53,"column":18}},"24":{"start":{"line":57,"column":19},"end":{"line":57,"column":39}},"25":{"start":{"line":58,"column":25},"end":{"line":58,"column":45}},"26":{"start":{"line":59,"column":31},"end":{"line":59,"column":37}},"27":{"start":{"line":60,"column":18},"end":{"line":62,"column":32}},"28":{"start":{"line":63,"column":19},"end":{"line":63,"column":83}},"29":{"start":{"line":64,"column":4},"end":{"line":69,"column":5}},"30":{"start":{"line":65,"column":6},"end":{"line":65,"column":49}},"31":{"start":{"line":66,"column":6},"end":{"line":66,"column":33}},"32":{"start":{"line":68,"column":6},"end":{"line":68,"column":23}}},"fnMap":{"0":{"name":"(anonymous_0)","decl":{"start":{"line":12,"column":17},"end":{"line":12,"column":18}},"loc":{"start":{"line":12,"column":60},"end":{"line":33,"column":3}},"line":12},"1":{"name":"(anonymous_1)","decl":{"start":{"line":35,"column":15},"end":{"line":35,"column":16}},"loc":{"start":{"line":35,"column":58},"end":{"line":46,"column":3}},"line":35},"2":{"name":"(anonymous_2)","decl":{"start":{"line":48,"column":14},"end":{"line":48,"column":15}},"loc":{"start":{"line":48,"column":34},"end":{"line":54,"column":3}},"line":48},"3":{"name":"(anonymous_3)","decl":{"start":{"line":56,"column":16},"end":{"line":56,"column":17}},"loc":{"start":{"line":56,"column":56},"end":{"line":70,"column":3}},"line":56}},"branchMap":{"0":{"loc":{"start":{"line":12,"column":36},"end":{"line":12,"column":45}},"type":"default-arg","locations":[{"start":{"line":12,"column":44},"end":{"line":12,"column":45}}],"line":12},"1":{"loc":{"start":{"line":12,"column":47},"end":{"line":12,"column":55}},"type":"default-arg","locations":[{"start":{"line":12,"column":54},"end":{"line":12,"column":55}}],"line":12},"2":{"loc":{"start":{"line":24,"column":4},"end":{"line":28,"column":5}},"type":"if","locations":[{"start":{"line":24,"column":4},"end":{"line":28,"column":5}},{"start":{"line":26,"column":11},"end":{"line":28,"column":5}}],"line":24},"3":{"loc":{"start":{"line":35,"column":34},"end":{"line":35,"column":43}},"type":"default-arg","locations":[{"start":{"line":35,"column":42},"end":{"line":35,"column":43}}],"line":35},"4":{"loc":{"start":{"line":35,"column":45},"end":{"line":35,"column":53}},"type":"default-arg","locations":[{"start":{"line":35,"column":52},"end":{"line":35,"column":53}}],"line":35},"5":{"loc":{"start":{"line":37,"column":4},"end":{"line":41,"column":5}},"type":"if","locations":[{"start":{"line":37,"column":4},"end":{"line":41,"column":5}},{"start":{"line":39,"column":11},"end":{"line":41,"column":5}}],"line":37}},"s":{"0":1,"1":1,"2":1,"3":1,"4":1,"5":1,"6":0,"7":1,"8":1,"9":0,"10":0,"11":0,"12":0,"13":0,"14":0,"15":0,"16":0,"17":0,"18":0,"19":0,"20":0,"21":0,"22":0,"23":0,"24":0,"25":0,"26":0,"27":0,"28":0,"29":0,"30":0,"31":0,"32":0},"f":{"0":1,"1":0,"2":0,"3":0},"b":{"0":[1],"1":[1],"2":[1,0],"3":[0],"4":[0],"5":[0,0]},"_coverageSchema":"1a1c01bbd47fc00a2c39e90264f33305004495a9","hash":"781187f6413f0c5b3f9310a77c234a197d4a0f63"}
,"/Users/xuenjie/questions/routes/questions.js": {"path":"/Users/xuenjie/questions/routes/questions.js","statementMap":{"0":{"start":{"line":1,"column":16},"end":{"line":1,"column":34}},"1":{"start":{"line":2,"column":14},"end":{"line":2,"column":45}},"2":{"start":{"line":3,"column":20},"end":{"line":3,"column":57}},"3":{"start":{"line":5,"column":15},"end":{"line":5,"column":31}},"4":{"start":{"line":7,"column":0},"end":{"line":10,"column":2}},"5":{"start":{"line":8,"column":17},"end":{"line":8,"column":52}},"6":{"start":{"line":9,"column":2},"end":{"line":9,"column":19}},"7":{"start":{"line":12,"column":0},"end":{"line":15,"column":2}},"8":{"start":{"line":13,"column":17},"end":{"line":13,"column":50}},"9":{"start":{"line":14,"column":2},"end":{"line":14,"column":19}},"10":{"start":{"line":17,"column":0},"end":{"line":21,"column":2}},"11":{"start":{"line":18,"column":42},"end":{"line":18,"column":50}},"12":{"start":{"line":19,"column":17},"end":{"line":19,"column":72}},"13":{"start":{"line":20,"column":2},"end":{"line":20,"column":22}},"14":{"start":{"line":23,"column":0},"end":{"line":23,"column":24}}},"fnMap":{"0":{"name":"(anonymous_0)","decl":{"start":{"line":7,"column":28},"end":{"line":7,"column":29}},"loc":{"start":{"line":7,"column":54},"end":{"line":10,"column":1}},"line":7},"1":{"name":"(anonymous_1)","decl":{"start":{"line":12,"column":49},"end":{"line":12,"column":50}},"loc":{"start":{"line":12,"column":75},"end":{"line":15,"column":1}},"line":12},"2":{"name":"(anonymous_2)","decl":{"start":{"line":17,"column":29},"end":{"line":17,"column":30}},"loc":{"start":{"line":17,"column":55},"end":{"line":21,"column":1}},"line":17}},"branchMap":{},"s":{"0":1,"1":1,"2":1,"3":1,"4":1,"5":1,"6":1,"7":1,"8":0,"9":0,"10":1,"11":0,"12":0,"13":0,"14":1},"f":{"0":1,"1":0,"2":0},"b":{},"_coverageSchema":"1a1c01bbd47fc00a2c39e90264f33305004495a9","hash":"332c7d8b2c247f129b004a2f9a226c124138d2b7"}
}
